# JRE version: Java(TM) SE Runtime Environment (17.0.12+8) (build 17.0.12+8-LTS-286)
# Java VM: Java HotSpot(TM) 64-Bit Server VM (17.0.12+8-LTS-286, mixed mode, sharing, tiered, compressed oops, compressed class ptrs, g1 gc, windows-amd64)
GC Precious Log:
 CPUs: 12 total, 12 available
 Memory: 7896M
 Large Page Support: Disabled
 NUMA Support: Disabled
 Compressed Oops: Enabled (Zero based)
 Heap Region Size: 2M
 Heap Min Capacity: 8M
 Heap Initial Capacity: 124M
 Heap Max Capacity: 3G
 Pre-touch: Disabled
 Parallel Workers: 10
 Concurrent Workers: 3
 Concurrent Refinement Workers: 10
 Periodic GC: Disabled
Heap:
 garbage-first heap   total 964608K, used 501760K [0x0000000740000000, 0x0000000800000000)
  region size 2048K, 14 young (28672K), 14 survivors (28672K)
 Metaspace       used 74071K, committed 74688K, reserved 1114112K
  class space    used 10083K, committed 10368K, reserved 1048576K
GC Heap History (20 events):
Event: 16.826 GC heap after
{Heap after GC invocations=32 (full 0):
 garbage-first heap   total 378880K, used 192146K [0x0000000740000000, 0x0000000800000000)
  region size 2048K, 2 young (4096K), 2 survivors (4096K)
 Metaspace       used 72650K, committed 73280K, reserved 1114112K
  class space    used 9969K, committed 10240K, reserved 1048576K
}
Event: 17.014 GC heap before
{Heap before GC invocations=32 (full 0):
 garbage-first heap   total 378880K, used 249490K [0x0000000740000000, 0x0000000800000000)
  region size 2048K, 31 young (63488K), 2 survivors (4096K)
 Metaspace       used 72650K, committed 73280K, reserved 1114112K
  class space    used 9969K, committed 10240K, reserved 1048576K
}
Event: 17.023 GC heap after
{Heap after GC invocations=33 (full 0):
 garbage-first heap   total 378880K, used 204734K [0x0000000740000000, 0x0000000800000000)
  region size 2048K, 6 young (12288K), 6 survivors (12288K)
 Metaspace       used 72650K, committed 73280K, reserved 1114112K
  class space    used 9969K, committed 10240K, reserved 1048576K
}
Event: 17.384 GC heap before
{Heap before GC invocations=34 (full 0):
 garbage-first heap   total 389120K, used 300990K [0x0000000740000000, 0x0000000800000000)
  region size 2048K, 49 young (100352K), 6 survivors (12288K)
 Metaspace       used 72650K, committed 73280K, reserved 1114112K
  class space    used 9969K, committed 10240K, reserved 1048576K
}
Event: 17.397 GC heap after
{Heap after GC invocations=35 (full 0):
 garbage-first heap   total 389120K, used 228617K [0x0000000740000000, 0x0000000800000000)
  region size 2048K, 7 young (14336K), 7 survivors (14336K)
 Metaspace       used 72650K, committed 73280K, reserved 1114112K
  class space    used 9969K, committed 10240K, reserved 1048576K
}
Event: 17.414 GC heap before
{Heap before GC invocations=35 (full 0):
 garbage-first heap   total 389120K, used 232713K [0x0000000740000000, 0x0000000800000000)
  region size 2048K, 9 young (18432K), 7 survivors (14336K)
 Metaspace       used 72650K, committed 73280K, reserved 1114112K
  class space    used 9969K, committed 10240K, reserved 1048576K
}
Event: 17.420 GC heap after
{Heap after GC invocations=36 (full 0):
 garbage-first heap   total 389120K, used 230430K [0x0000000740000000, 0x0000000800000000)
  region size 2048K, 1 young (2048K), 1 survivors (2048K)
 Metaspace       used 72650K, committed 73280K, reserved 1114112K
  class space    used 9969K, committed 10240K, reserved 1048576K
}
Event: 17.619 GC heap before
{Heap before GC invocations=36 (full 0):
 garbage-first heap   total 389120K, used 306206K [0x0000000740000000, 0x0000000800000000)
  region size 2048K, 38 young (77824K), 1 survivors (2048K)
 Metaspace       used 72651K, committed 73280K, reserved 1114112K
  class space    used 9969K, committed 10240K, reserved 1048576K
}
Event: 17.629 GC heap after
{Heap after GC invocations=37 (full 0):
 garbage-first heap   total 964608K, used 246894K [0x0000000740000000, 0x0000000800000000)
  region size 2048K, 5 young (10240K), 5 survivors (10240K)
 Metaspace       used 72651K, committed 73280K, reserved 1114112K
  class space    used 9969K, committed 10240K, reserved 1048576K
}
Event: 18.598 GC heap before
{Heap before GC invocations=38 (full 0):
 garbage-first heap   total 950272K, used 615534K [0x0000000740000000, 0x0000000800000000)
  region size 2048K, 185 young (378880K), 5 survivors (10240K)
 Metaspace       used 72652K, committed 73280K, reserved 1114112K
  class space    used 9969K, committed 10240K, reserved 1048576K
}
Event: 18.642 GC heap after
{Heap after GC invocations=39 (full 0):
 garbage-first heap   total 950272K, used 330862K [0x0000000740000000, 0x0000000800000000)
  region size 2048K, 24 young (49152K), 24 survivors (49152K)
 Metaspace       used 72652K, committed 73280K, reserved 1114112K
  class space    used 9969K, committed 10240K, reserved 1048576K
}
Event: 18.652 GC heap before
{Heap before GC invocations=39 (full 0):
 garbage-first heap   total 950272K, used 332910K [0x0000000740000000, 0x0000000800000000)
  region size 2048K, 25 young (51200K), 24 survivors (49152K)
 Metaspace       used 72667K, committed 73280K, reserved 1114112K
  class space    used 9972K, committed 10240K, reserved 1048576K
}
Event: 18.667 GC heap after
{Heap after GC invocations=40 (full 0):
 garbage-first heap   total 950272K, used 337872K [0x0000000740000000, 0x0000000800000000)
  region size 2048K, 3 young (6144K), 3 survivors (6144K)
 Metaspace       used 72667K, committed 73280K, reserved 1114112K
  class space    used 9972K, committed 10240K, reserved 1048576K
}
Event: 20.442 GC heap before
{Heap before GC invocations=40 (full 0):
 garbage-first heap   total 950272K, used 628688K [0x0000000740000000, 0x0000000800000000)
  region size 2048K, 143 young (292864K), 3 survivors (6144K)
 Metaspace       used 73872K, committed 74496K, reserved 1114112K
  class space    used 10080K, committed 10368K, reserved 1048576K
}
Event: 20.471 GC heap after
{Heap after GC invocations=41 (full 0):
 garbage-first heap   total 950272K, used 404363K [0x0000000740000000, 0x0000000800000000)
  region size 2048K, 18 young (36864K), 18 survivors (36864K)
 Metaspace       used 73872K, committed 74496K, reserved 1114112K
  class space    used 10080K, committed 10368K, reserved 1048576K
}
Event: 21.345 GC heap before
{Heap before GC invocations=41 (full 0):
 garbage-first heap   total 950272K, used 664459K [0x0000000740000000, 0x0000000800000000)
  region size 2048K, 145 young (296960K), 18 survivors (36864K)
 Metaspace       used 74027K, committed 74688K, reserved 1114112K
  class space    used 10082K, committed 10368K, reserved 1048576K
}
Event: 21.401 GC heap after
{Heap after GC invocations=42 (full 0):
 garbage-first heap   total 950272K, used 444993K [0x0000000740000000, 0x0000000800000000)
  region size 2048K, 19 young (38912K), 19 survivors (38912K)
 Metaspace       used 74027K, committed 74688K, reserved 1114112K
  class space    used 10082K, committed 10368K, reserved 1048576K
}
Event: 22.032 GC heap before
{Heap before GC invocations=42 (full 0):
 garbage-first heap   total 950272K, used 700993K [0x0000000740000000, 0x0000000800000000)
  region size 2048K, 144 young (294912K), 19 survivors (38912K)
 Metaspace       used 74062K, committed 74688K, reserved 1114112K
  class space    used 10083K, committed 10368K, reserved 1048576K
}
Event: 22.103 GC heap after
{Heap after GC invocations=43 (full 0):
 garbage-first heap   total 950272K, used 472372K [0x0000000740000000, 0x0000000800000000)
  region size 2048K, 13 young (26624K), 13 survivors (26624K)
 Metaspace       used 74062K, committed 74688K, reserved 1114112K
  class space    used 10083K, committed 10368K, reserved 1048576K
}
Event: 22.711 GC heap before
{Heap before GC invocations=43 (full 0):
 garbage-first heap   total 950272K, used 730420K [0x0000000740000000, 0x0000000800000000)
  region size 2048K, 139 young (284672K), 13 survivors (26624K)
 Metaspace       used 74071K, committed 74688K, reserved 1114112K
  class space    used 10083K, committed 10368K, reserved 1048576K
}

