# JRE version: Java(TM) SE Runtime Environment (17.0.12+8) (build 17.0.12+8-LTS-286)
# Java VM: Java HotSpot(TM) 64-Bit Server VM (17.0.12+8-LTS-286, mixed mode, sharing, tiered, compressed oops, compressed class ptrs, g1 gc, windows-amd64)
GC Precious Log:
 CPUs: 12 total, 12 available
 Memory: 7896M
 Large Page Support: Disabled
 NUMA Support: Disabled
 Compressed Oops: Enabled (Zero based)
 Heap Region Size: 2M
 Heap Min Capacity: 8M
 Heap Initial Capacity: 124M
 Heap Max Capacity: 3G
 Pre-touch: Disabled
 Parallel Workers: 10
 Concurrent Workers: 3
 Concurrent Refinement Workers: 10
 Periodic GC: Disabled
Heap:
 garbage-first heap   total 481280K, used 293021K [0x0000000740000000, 0x0000000800000000)
  region size 2048K, 7 young (14336K), 7 survivors (14336K)
 Metaspace       used 74222K, committed 74816K, reserved 1114112K
  class space    used 10205K, committed 10496K, reserved 1048576K
GC Heap History (20 events):
Event: 17.378 GC heap after
{Heap after GC invocations=34 (full 0):
 garbage-first heap   total 290816K, used 83896K [0x0000000740000000, 0x0000000800000000)
  region size 2048K, 11 young (22528K), 11 survivors (22528K)
 Metaspace       used 74067K, committed 74688K, reserved 1114112K
  class space    used 10200K, committed 10496K, reserved 1048576K
}
Event: 17.981 GC heap before
{Heap before GC invocations=34 (full 0):
 garbage-first heap   total 290816K, used 214968K [0x0000000740000000, 0x0000000800000000)
  region size 2048K, 75 young (153600K), 11 survivors (22528K)
 Metaspace       used 74196K, committed 74816K, reserved 1114112K
  class space    used 10203K, committed 10496K, reserved 1048576K
}
Event: 18.000 GC heap after
{Heap after GC invocations=35 (full 0):
 garbage-first heap   total 290816K, used 113977K [0x0000000740000000, 0x0000000800000000)
  region size 2048K, 10 young (20480K), 10 survivors (20480K)
 Metaspace       used 74196K, committed 74816K, reserved 1114112K
  class space    used 10203K, committed 10496K, reserved 1048576K
}
Event: 18.367 GC heap before
{Heap before GC invocations=35 (full 0):
 garbage-first heap   total 290816K, used 216377K [0x0000000740000000, 0x0000000800000000)
  region size 2048K, 60 young (122880K), 10 survivors (20480K)
 Metaspace       used 74213K, committed 74816K, reserved 1114112K
  class space    used 10206K, committed 10496K, reserved 1048576K
}
Event: 18.385 GC heap after
{Heap after GC invocations=36 (full 0):
 garbage-first heap   total 290816K, used 138839K [0x0000000740000000, 0x0000000800000000)
  region size 2048K, 8 young (16384K), 8 survivors (16384K)
 Metaspace       used 74213K, committed 74816K, reserved 1114112K
  class space    used 10206K, committed 10496K, reserved 1048576K
}
Event: 18.704 GC heap before
{Heap before GC invocations=36 (full 0):
 garbage-first heap   total 290816K, used 220759K [0x0000000740000000, 0x0000000800000000)
  region size 2048K, 48 young (98304K), 8 survivors (16384K)
 Metaspace       used 74219K, committed 74816K, reserved 1114112K
  class space    used 10206K, committed 10496K, reserved 1048576K
}
Event: 18.719 GC heap after
{Heap after GC invocations=37 (full 0):
 garbage-first heap   total 290816K, used 158892K [0x0000000740000000, 0x0000000800000000)
  region size 2048K, 6 young (12288K), 6 survivors (12288K)
 Metaspace       used 74219K, committed 74816K, reserved 1114112K
  class space    used 10206K, committed 10496K, reserved 1048576K
}
Event: 18.890 GC heap before
{Heap before GC invocations=37 (full 0):
 garbage-first heap   total 290816K, used 224428K [0x0000000740000000, 0x0000000800000000)
  region size 2048K, 38 young (77824K), 6 survivors (12288K)
 Metaspace       used 74224K, committed 74816K, reserved 1114112K
  class space    used 10206K, committed 10496K, reserved 1048576K
}
Event: 18.900 GC heap after
{Heap after GC invocations=38 (full 0):
 garbage-first heap   total 452608K, used 176177K [0x0000000740000000, 0x0000000800000000)
  region size 2048K, 5 young (10240K), 5 survivors (10240K)
 Metaspace       used 74224K, committed 74816K, reserved 1114112K
  class space    used 10206K, committed 10496K, reserved 1048576K
}
Event: 19.493 GC heap before
{Heap before GC invocations=39 (full 0):
 garbage-first heap   total 452608K, used 331825K [0x0000000740000000, 0x0000000800000000)
  region size 2048K, 78 young (159744K), 5 survivors (10240K)
 Metaspace       used 74222K, committed 74816K, reserved 1114112K
  class space    used 10205K, committed 10496K, reserved 1048576K
}
Event: 19.513 GC heap after
{Heap after GC invocations=40 (full 0):
 garbage-first heap   total 452608K, used 212499K [0x0000000740000000, 0x0000000800000000)
  region size 2048K, 10 young (20480K), 10 survivors (20480K)
 Metaspace       used 74222K, committed 74816K, reserved 1114112K
  class space    used 10205K, committed 10496K, reserved 1048576K
}
Event: 19.523 GC heap before
{Heap before GC invocations=40 (full 0):
 garbage-first heap   total 452608K, used 214547K [0x0000000740000000, 0x0000000800000000)
  region size 2048K, 11 young (22528K), 10 survivors (20480K)
 Metaspace       used 74222K, committed 74816K, reserved 1114112K
  class space    used 10205K, committed 10496K, reserved 1048576K
}
Event: 19.534 GC heap after
{Heap after GC invocations=41 (full 0):
 garbage-first heap   total 452608K, used 215347K [0x0000000740000000, 0x0000000800000000)
  region size 2048K, 2 young (4096K), 2 survivors (4096K)
 Metaspace       used 74222K, committed 74816K, reserved 1114112K
  class space    used 10205K, committed 10496K, reserved 1048576K
}
Event: 19.899 GC heap before
{Heap before GC invocations=41 (full 0):
 garbage-first heap   total 452608K, used 336179K [0x0000000740000000, 0x0000000800000000)
  region size 2048K, 61 young (124928K), 2 survivors (4096K)
 Metaspace       used 74222K, committed 74816K, reserved 1114112K
  class space    used 10205K, committed 10496K, reserved 1048576K
}
Event: 19.912 GC heap after
{Heap after GC invocations=42 (full 0):
 garbage-first heap   total 452608K, used 242860K [0x0000000740000000, 0x0000000800000000)
  region size 2048K, 8 young (16384K), 8 survivors (16384K)
 Metaspace       used 74222K, committed 74816K, reserved 1114112K
  class space    used 10205K, committed 10496K, reserved 1048576K
}
Event: 20.178 GC heap before
{Heap before GC invocations=43 (full 0):
 garbage-first heap   total 481280K, used 345260K [0x0000000740000000, 0x0000000800000000)
  region size 2048K, 59 young (120832K), 8 survivors (16384K)
 Metaspace       used 74222K, committed 74816K, reserved 1114112K
  class space    used 10205K, committed 10496K, reserved 1048576K
}
Event: 20.195 GC heap after
{Heap after GC invocations=44 (full 0):
 garbage-first heap   total 481280K, used 267306K [0x0000000740000000, 0x0000000800000000)
  region size 2048K, 8 young (16384K), 8 survivors (16384K)
 Metaspace       used 74222K, committed 74816K, reserved 1114112K
  class space    used 10205K, committed 10496K, reserved 1048576K
}
Event: 20.209 GC heap before
{Heap before GC invocations=44 (full 0):
 garbage-first heap   total 481280K, used 271402K [0x0000000740000000, 0x0000000800000000)
  region size 2048K, 11 young (22528K), 8 survivors (16384K)
 Metaspace       used 74222K, committed 74816K, reserved 1114112K
  class space    used 10205K, committed 10496K, reserved 1048576K
}
Event: 20.216 GC heap after
{Heap after GC invocations=45 (full 0):
 garbage-first heap   total 481280K, used 269980K [0x0000000740000000, 0x0000000800000000)
  region size 2048K, 2 young (4096K), 2 survivors (4096K)
 Metaspace       used 74222K, committed 74816K, reserved 1114112K
  class space    used 10205K, committed 10496K, reserved 1048576K
}
Event: 20.417 GC heap before
{Heap before GC invocations=45 (full 0):
 garbage-first heap   total 481280K, used 370332K [0x0000000740000000, 0x0000000800000000)
  region size 2048K, 52 young (106496K), 2 survivors (4096K)
 Metaspace       used 74222K, committed 74816K, reserved 1114112K
  class space    used 10205K, committed 10496K, reserved 1048576K
}

